05-May-2018 19:23:07.901 INFO [main] org.apache.catalina.startup.VersionLoggerListener.log Server version:        Apache Tomcat/8.5.29
05-May-2018 19:23:07.904 INFO [main] org.apache.catalina.startup.VersionLoggerListener.log Server built:          Mar 5 2018 13:11:12 UTC
05-May-2018 19:23:07.905 INFO [main] org.apache.catalina.startup.VersionLoggerListener.log Server number:         8.5.29.0
05-May-2018 19:23:07.905 INFO [main] org.apache.catalina.startup.VersionLoggerListener.log OS Name:               Linux
05-May-2018 19:23:07.906 INFO [main] org.apache.catalina.startup.VersionLoggerListener.log OS Version:            4.9.89-boot2docker
05-May-2018 19:23:07.906 INFO [main] org.apache.catalina.startup.VersionLoggerListener.log Architecture:          amd64
05-May-2018 19:23:07.915 INFO [main] org.apache.catalina.startup.VersionLoggerListener.log Java Home:             /usr/lib/jvm/java-8-openjdk-amd64/jre
05-May-2018 19:23:07.916 INFO [main] org.apache.catalina.startup.VersionLoggerListener.log JVM Version:           1.8.0_162-8u162-b12-1~deb9u1-b12
05-May-2018 19:23:07.916 INFO [main] org.apache.catalina.startup.VersionLoggerListener.log JVM Vendor:            Oracle Corporation
05-May-2018 19:23:07.917 INFO [main] org.apache.catalina.startup.VersionLoggerListener.log CATALINA_BASE:         /usr/local/tomcat
05-May-2018 19:23:07.917 INFO [main] org.apache.catalina.startup.VersionLoggerListener.log CATALINA_HOME:         /usr/local/tomcat
05-May-2018 19:23:07.917 INFO [main] org.apache.catalina.startup.VersionLoggerListener.log Command line argument: -Djava.util.logging.config.file=/usr/local/tomcat/conf/logging.properties
05-May-2018 19:23:07.918 INFO [main] org.apache.catalina.startup.VersionLoggerListener.log Command line argument: -Djava.util.logging.manager=org.apache.juli.ClassLoaderLogManager
05-May-2018 19:23:07.919 INFO [main] org.apache.catalina.startup.VersionLoggerListener.log Command line argument: -Djdk.tls.ephemeralDHKeySize=2048
05-May-2018 19:23:07.919 INFO [main] org.apache.catalina.startup.VersionLoggerListener.log Command line argument: -Djava.protocol.handler.pkgs=org.apache.catalina.webresources
05-May-2018 19:23:07.919 INFO [main] org.apache.catalina.startup.VersionLoggerListener.log Command line argument: -Dignore.endorsed.dirs=
05-May-2018 19:23:07.920 INFO [main] org.apache.catalina.startup.VersionLoggerListener.log Command line argument: -Dcatalina.base=/usr/local/tomcat
05-May-2018 19:23:07.920 INFO [main] org.apache.catalina.startup.VersionLoggerListener.log Command line argument: -Dcatalina.home=/usr/local/tomcat
05-May-2018 19:23:07.921 INFO [main] org.apache.catalina.startup.VersionLoggerListener.log Command line argument: -Djava.io.tmpdir=/usr/local/tomcat/temp
05-May-2018 19:23:07.921 INFO [main] org.apache.catalina.core.AprLifecycleListener.lifecycleEvent Loaded APR based Apache Tomcat Native library [1.2.16] using APR version [1.5.2].
05-May-2018 19:23:07.921 INFO [main] org.apache.catalina.core.AprLifecycleListener.lifecycleEvent APR capabilities: IPv6 [true], sendfile [true], accept filters [false], random [true].
05-May-2018 19:23:07.922 INFO [main] org.apache.catalina.core.AprLifecycleListener.lifecycleEvent APR/OpenSSL configuration: useAprConnector [false], useOpenSSL [true]
05-May-2018 19:23:07.925 INFO [main] org.apache.catalina.core.AprLifecycleListener.initializeSSL OpenSSL successfully initialized [OpenSSL 1.1.0f  25 May 2017]
05-May-2018 19:23:08.096 INFO [main] org.apache.coyote.AbstractProtocol.init Initializing ProtocolHandler ["http-nio-8080"]
05-May-2018 19:23:08.119 INFO [main] org.apache.tomcat.util.net.NioSelectorPool.getSharedSelector Using a shared selector for servlet write/read
05-May-2018 19:23:08.129 INFO [main] org.apache.coyote.AbstractProtocol.init Initializing ProtocolHandler ["ajp-nio-8009"]
05-May-2018 19:23:08.137 INFO [main] org.apache.tomcat.util.net.NioSelectorPool.getSharedSelector Using a shared selector for servlet write/read
05-May-2018 19:23:08.138 INFO [main] org.apache.catalina.startup.Catalina.load Initialization processed in 1038 ms
05-May-2018 19:23:08.226 INFO [main] org.apache.catalina.core.StandardService.startInternal Starting service [Catalina]
05-May-2018 19:23:08.227 INFO [main] org.apache.catalina.core.StandardEngine.startInternal Starting Servlet Engine: Apache Tomcat/8.5.29
05-May-2018 19:23:08.260 INFO [localhost-startStop-1] org.apache.catalina.startup.HostConfig.deployDescriptor Deploying configuration descriptor [/usr/local/tomcat/conf/Catalina/localhost/manager.xml]
05-May-2018 19:23:08.330 WARNING [localhost-startStop-1] org.apache.catalina.startup.HostConfig.deployDescriptor A docBase [/usr/local/tomcat/webapps/manager] inside the host appBase has been specified, and will be ignored
05-May-2018 19:23:09.107 INFO [localhost-startStop-1] org.apache.catalina.startup.HostConfig.deployDescriptor Deployment of configuration descriptor [/usr/local/tomcat/conf/Catalina/localhost/manager.xml] has finished in [847] ms
05-May-2018 19:23:09.110 INFO [localhost-startStop-1] org.apache.catalina.startup.HostConfig.deployDirectory Deploying web application directory [/usr/local/tomcat/webapps/examples]
05-May-2018 19:23:09.839 INFO [localhost-startStop-1] org.apache.catalina.startup.HostConfig.deployDirectory Deployment of web application directory [/usr/local/tomcat/webapps/examples] has finished in [729] ms
05-May-2018 19:23:09.840 INFO [localhost-startStop-1] org.apache.catalina.startup.HostConfig.deployDirectory Deploying web application directory [/usr/local/tomcat/webapps/ROOT]
05-May-2018 19:23:10.115 INFO [localhost-startStop-1] org.apache.catalina.startup.HostConfig.deployDirectory Deployment of web application directory [/usr/local/tomcat/webapps/ROOT] has finished in [268] ms
05-May-2018 19:23:10.117 INFO [localhost-startStop-1] org.apache.catalina.startup.HostConfig.deployDirectory Deploying web application directory [/usr/local/tomcat/webapps/docs]
05-May-2018 19:23:10.177 INFO [localhost-startStop-1] org.apache.catalina.startup.HostConfig.deployDirectory Deployment of web application directory [/usr/local/tomcat/webapps/docs] has finished in [61] ms
05-May-2018 19:23:10.180 INFO [localhost-startStop-1] org.apache.catalina.startup.HostConfig.deployDirectory Deploying web application directory [/usr/local/tomcat/webapps/host-manager]
05-May-2018 19:23:10.276 INFO [localhost-startStop-1] org.apache.catalina.startup.HostConfig.deployDirectory Deployment of web application directory [/usr/local/tomcat/webapps/host-manager] has finished in [96] ms
05-May-2018 19:23:10.279 INFO [main] org.apache.coyote.AbstractProtocol.start Starting ProtocolHandler ["http-nio-8080"]
05-May-2018 19:23:10.309 INFO [main] org.apache.coyote.AbstractProtocol.start Starting ProtocolHandler ["ajp-nio-8009"]
05-May-2018 19:23:10.319 INFO [main] org.apache.catalina.startup.Catalina.start Server startup in 2179 ms


05-May-2018 19:39:02.599 INFO [http-nio-8080-exec-2] org.apache.catalina.startup.HostConfig.deployWAR Deploying web application archive [/usr/local/tomcat/webapps/portalwartha.war]
05-May-2018 19:39:09.311 INFO [http-nio-8080-exec-2] org.apache.jasper.servlet.TldScanner.scanJars At least one JAR was scanned for TLDs yet contained no TLDs. Enable debug logging for this logger for a complete list of JARs that were scanned but no TLDs were found in them. Skipping unneeded JARs during scanning can improve startup time and JSP compilation time.
05-May-2018 19:39:09.411 INFO [http-nio-8080-exec-2] org.jboss.weld.environment.servlet.EnhancedListener.onStartup WELD-ENV-001008: Initialize Weld using ServletContainerInitializer
05-May-2018 19:39:09.453 INFO [http-nio-8080-exec-2] org.jboss.weld.bootstrap.WeldStartup.<clinit> WELD-000900: 2.4.1 (Final)
05-May-2018 19:39:09.507 INFO [http-nio-8080-exec-2] org.jboss.weld.environment.deployment.discovery.DiscoveryStrategyFactory.create WELD-ENV-000020: Using jandex for bean discovery
05-May-2018 19:39:09.594 INFO [http-nio-8080-exec-2] org.jboss.weld.environment.servlet.WeldServletLifecycle.initialize WELD-ENV-000028: Weld initialization skipped - no bean archive found
05-May-2018 19:39:09.607 INFO [http-nio-8080-exec-2] org.jboss.weld.environment.servlet.Listener.contextInitialized WELD-ENV-001007: Initialize Weld using ServletContextListener
05-May-2018 19:39:09.609 INFO [http-nio-8080-exec-2] org.jboss.weld.environment.deployment.discovery.DiscoveryStrategyFactory.create WELD-ENV-000020: Using jandex for bean discovery
05-May-2018 19:39:09.610 INFO [http-nio-8080-exec-2] org.jboss.weld.environment.servlet.WeldServletLifecycle.initialize WELD-ENV-000028: Weld initialization skipped - no bean archive found
05-May-2018 19:39:09.705 INFO [http-nio-8080-exec-2] com.sun.faces.config.ConfigureListener.contextInitialized Initializing Mojarra 2.2.14 ( 20161114-2152 unable to get svn info) for context '/portalwartha'
05-May-2018 19:39:10.100 INFO [http-nio-8080-exec-2] com.sun.faces.spi.InjectionProviderFactory.createInstance JSF1048: PostConstruct/PreDestroy annotations present.  ManagedBeans methods marked with these annotations will have said annotations processed.
05-May-2018 19:39:10.640 INFO [http-nio-8080-exec-2] org.hibernate.validator.internal.util.Version.<clinit> HV000001: Hibernate Validator 5.3.2.Final
05-May-2018 19:39:11.636 INFO [http-nio-8080-exec-2] org.primefaces.webapp.PostConstructApplicationEventListener.processEvent Running on PrimeFaces 6.0
05-May-2018 19:39:11.642 SEVERE [http-nio-8080-exec-2] org.apache.catalina.core.StandardContext.startInternal One or more listeners failed to start. Full details will be found in the appropriate container log file
05-May-2018 19:39:11.647 SEVERE [http-nio-8080-exec-2] org.apache.catalina.core.StandardContext.startInternal Context [/portalwartha] startup failed due to previous errors
05-May-2018 19:39:11.718 INFO [http-nio-8080-exec-2] org.apache.catalina.startup.HostConfig.deployWAR Deployment of web application archive [/usr/local/tomcat/webapps/portalwartha.war] has finished in [9,119] ms




05-May-2018 19:48:22.088 INFO [http-nio-8080-exec-5] org.apache.catalina.startup.HostConfig.deployWAR Deploying web application archive [/usr/local/tomcat/webapps/portalmbmanjo.war]
05-May-2018 19:48:28.772 INFO [http-nio-8080-exec-5] org.apache.jasper.servlet.TldScanner.scanJars At least one JAR was scanned for TLDs yet contained no TLDs. Enable debug logging for this logger for a complete list of JARs that were scanned but no TLDs were found in them. Skipping unneeded JARs during scanning can improve startup time and JSP compilation time.
05-May-2018 19:48:28.854 INFO [http-nio-8080-exec-5] org.jboss.weld.environment.servlet.EnhancedListener.onStartup WELD-ENV-001008: Initialize Weld using ServletContainerInitializer
05-May-2018 19:48:28.902 INFO [http-nio-8080-exec-5] org.jboss.weld.bootstrap.WeldStartup.<clinit> WELD-000900: 2.4.1 (Final)
05-May-2018 19:48:28.961 INFO [http-nio-8080-exec-5] org.jboss.weld.environment.deployment.discovery.DiscoveryStrategyFactory.create WELD-ENV-000020: Using jandex for bean discovery
05-May-2018 19:48:29.051 INFO [http-nio-8080-exec-5] org.jboss.weld.environment.servlet.WeldServletLifecycle.initialize WELD-ENV-000028: Weld initialization skipped - no bean archive found
05-May-2018 19:48:29.053 INFO [http-nio-8080-exec-5] org.jboss.weld.environment.servlet.Listener.contextInitialized WELD-ENV-001007: Initialize Weld using ServletContextListener
05-May-2018 19:48:29.067 INFO [http-nio-8080-exec-5] org.jboss.weld.environment.deployment.discovery.DiscoveryStrategyFactory.create WELD-ENV-000020: Using jandex for bean discovery
05-May-2018 19:48:29.069 INFO [http-nio-8080-exec-5] org.jboss.weld.environment.servlet.WeldServletLifecycle.initialize WELD-ENV-000028: Weld initialization skipped - no bean archive found
05-May-2018 19:48:29.143 INFO [http-nio-8080-exec-5] com.sun.faces.config.ConfigureListener.contextInitialized Initializing Mojarra 2.3.2 ( 20170627-2139 e63598abf2ed2bb1a24674f308a734e0dce18a72) for context '/portalmbmanjo'
05-May-2018 19:48:29.396 INFO [http-nio-8080-exec-5] com.sun.faces.spi.InjectionProviderFactory.createInstance JSF1048: PostConstruct/PreDestroy annotations present.  ManagedBeans methods marked with these annotations will have said annotations processed.
05-May-2018 19:48:29.950 INFO [http-nio-8080-exec-5] org.hibernate.validator.internal.util.Version.<clinit> HV000001: Hibernate Validator 5.3.2.Final
05-May-2018 19:48:31.057 INFO [http-nio-8080-exec-5] org.primefaces.webapp.PostConstructApplicationEventListener.processEvent Running on PrimeFaces 6.1
05-May-2018 19:48:31.058 SEVERE [http-nio-8080-exec-5] org.apache.catalina.core.StandardContext.startInternal One or more listeners failed to start. Full details will be found in the appropriate container log file
05-May-2018 19:48:31.059 SEVERE [http-nio-8080-exec-5] org.apache.catalina.core.StandardContext.startInternal Context [/portalmbmanjo] startup failed due to previous errors
05-May-2018 19:48:31.111 INFO [http-nio-8080-exec-5] org.apache.catalina.startup.HostConfig.deployWAR Deployment of web application archive [/usr/local/tomcat/webapps/portalmbmanjo.war] has finished in [9,024] ms





05-May-2018 20:01:27.538 INFO [http-nio-8080-exec-8] org.apache.catalina.startup.HostConfig.deployWAR Deploying web application archive [/usr/local/tomcat/webapps/portaladvtec.war]
05-May-2018 20:01:31.666 INFO [http-nio-8080-exec-8] org.apache.jasper.servlet.TldScanner.scanJars At least one JAR was scanned for TLDs yet contained no TLDs. Enable debug logging for this logger for a complete list of JARs that were scanned but no TLDs were found in them. Skipping unneeded JARs during scanning can improve startup time and JSP compilation time.
05-May-2018 20:01:31.734 INFO [http-nio-8080-exec-8] org.jboss.weld.environment.servlet.EnhancedListener.onStartup WELD-ENV-001008: Initialize Weld using ServletContainerInitializer
05-May-2018 20:01:31.775 INFO [http-nio-8080-exec-8] org.jboss.weld.bootstrap.WeldStartup.<clinit> WELD-000900: 2.4.1 (Final)
05-May-2018 20:01:31.849 INFO [http-nio-8080-exec-8] org.jboss.weld.environment.deployment.discovery.DiscoveryStrategyFactory.create WELD-ENV-000020: Using jandex for bean discovery
05-May-2018 20:01:32.287 INFO [http-nio-8080-exec-8] org.jboss.weld.bootstrap.WeldStartup.startContainer WELD-000101: Transactional services not available. Injection of @Inject UserTransaction not available. Transactional observers will be invoked synchronously.
05-May-2018 20:01:32.996 INFO [http-nio-8080-exec-8] org.jboss.weld.environment.tomcat.TomcatContainer.initialize WELD-ENV-001100: Tomcat 7+ detected, CDI injection will be available in Servlets, Filters and Listeners.
05-May-2018 20:01:33.969 INFO [http-nio-8080-exec-8] org.jboss.weld.environment.servlet.Listener.contextInitialized WELD-ENV-001006: org.jboss.weld.environment.servlet.EnhancedListener used for ServletContext notifications
05-May-2018 20:01:34.002 INFO [http-nio-8080-exec-8] com.sun.faces.config.ConfigureListener.contextInitialized Initializing Mojarra 2.3.2 ( 20170627-2139 e63598abf2ed2bb1a24674f308a734e0dce18a72) for context '/portaladvtec'
05-May-2018 20:01:34.190 INFO [http-nio-8080-exec-8] com.sun.faces.spi.InjectionProviderFactory.createInstance JSF1048: PostConstruct/PreDestroy annotations present.  ManagedBeans methods marked with these annotations will have said annotations processed.
05-May-2018 20:01:34.649 INFO [http-nio-8080-exec-8] org.hibernate.validator.internal.util.Version.<clinit> HV000001: Hibernate Validator 5.3.2.Final
05-May-2018 20:01:35.460 INFO [http-nio-8080-exec-8] org.primefaces.webapp.PostConstructApplicationEventListener.processEvent Running on PrimeFaces 6.1
05-May-2018 20:01:35.462 INFO [http-nio-8080-exec-8] org.jboss.weld.environment.servlet.EnhancedListener.contextInitialized WELD-ENV-001009: org.jboss.weld.environment.servlet.Listener used for ServletRequest and HttpSession notifications
05-May-2018 20:01:35.509 INFO [http-nio-8080-exec-8] org.apache.catalina.startup.HostConfig.deployWAR Deployment of web application archive [/usr/local/tomcat/webapps/portaladvtec.war] has finished in [7,970] ms

05-May-2018 20:01:36.445 INFO [http-nio-8080-exec-10] org.apache.catalina.startup.HostConfig.undeploy Undeploying context [/portaladvtec]
05-May-2018 20:01:38.875 INFO [http-nio-8080-exec-6] org.apache.catalina.startup.HostConfig.deployWAR Deploying web application archive [/usr/local/tomcat/webapps/portaladvtec.war]
05-May-2018 20:01:42.358 INFO [http-nio-8080-exec-6] org.apache.jasper.servlet.TldScanner.scanJars At least one JAR was scanned for TLDs yet contained no TLDs. Enable debug logging for this logger for a complete list of JARs that were scanned but no TLDs were found in them. Skipping unneeded JARs during scanning can improve startup time and JSP compilation time.
05-May-2018 20:01:42.422 INFO [http-nio-8080-exec-6] org.jboss.weld.environment.servlet.EnhancedListener.onStartup WELD-ENV-001008: Initialize Weld using ServletContainerInitializer
05-May-2018 20:01:42.462 INFO [http-nio-8080-exec-6] org.jboss.weld.bootstrap.WeldStartup.<clinit> WELD-000900: 2.4.1 (Final)
05-May-2018 20:01:42.498 INFO [http-nio-8080-exec-6] org.jboss.weld.environment.deployment.discovery.DiscoveryStrategyFactory.create WELD-ENV-000020: Using jandex for bean discovery
05-May-2018 20:01:42.850 INFO [http-nio-8080-exec-6] org.jboss.weld.bootstrap.WeldStartup.startContainer WELD-000101: Transactional services not available. Injection of @Inject UserTransaction not available. Transactional observers will be invoked synchronously.
05-May-2018 20:01:43.322 INFO [http-nio-8080-exec-6] org.jboss.weld.environment.tomcat.TomcatContainer.initialize WELD-ENV-001100: Tomcat 7+ detected, CDI injection will be available in Servlets, Filters and Listeners.
05-May-2018 20:01:44.046 INFO [http-nio-8080-exec-6] org.jboss.weld.environment.servlet.Listener.contextInitialized WELD-ENV-001006: org.jboss.weld.environment.servlet.EnhancedListener used for ServletContext notifications
05-May-2018 20:01:44.118 INFO [http-nio-8080-exec-6] com.sun.faces.config.ConfigureListener.contextInitialized Initializing Mojarra 2.3.2 ( 20170627-2139 e63598abf2ed2bb1a24674f308a734e0dce18a72) for context '/portaladvtec'
05-May-2018 20:01:44.360 INFO [http-nio-8080-exec-6] com.sun.faces.spi.InjectionProviderFactory.createInstance JSF1048: PostConstruct/PreDestroy annotations present.  ManagedBeans methods marked with these annotations will have said annotations processed.
05-May-2018 20:01:44.615 INFO [http-nio-8080-exec-6] org.hibernate.validator.internal.util.Version.<clinit> HV000001: Hibernate Validator 5.3.2.Final
05-May-2018 20:01:45.512 INFO [http-nio-8080-exec-6] org.primefaces.webapp.PostConstructApplicationEventListener.processEvent Running on PrimeFaces 6.1
05-May-2018 20:01:45.512 INFO [http-nio-8080-exec-6] org.jboss.weld.environment.servlet.EnhancedListener.contextInitialized WELD-ENV-001009: org.jboss.weld.environment.servlet.Listener used for ServletRequest and HttpSession notifications
05-May-2018 20:01:45.542 INFO [http-nio-8080-exec-6] org.apache.catalina.startup.HostConfig.deployWAR Deployment of web application archive [/usr/local/tomcat/webapps/portaladvtec.war] has finished in [6,665] ms



05-May-2018 20:28:33.515 INFO [Thread-5] org.apache.coyote.AbstractProtocol.pause Pausing ProtocolHandler ["http-nio-8080"]
05-May-2018 20:28:33.520 INFO [Thread-5] org.apache.coyote.AbstractProtocol.pause Pausing ProtocolHandler ["ajp-nio-8009"]
05-May-2018 20:28:33.524 INFO [Thread-5] org.apache.catalina.core.StandardService.stopInternal Stopping service [Catalina]
05-May-2018 20:28:33.671 INFO [Thread-5] org.apache.coyote.AbstractProtocol.stop Stopping ProtocolHandler ["http-nio-8080"]
05-May-2018 20:28:33.673 INFO [Thread-5] org.apache.coyote.AbstractProtocol.stop Stopping ProtocolHandler ["ajp-nio-8009"]
05-May-2018 20:28:33.675 INFO [Thread-5] org.apache.coyote.AbstractProtocol.destroy Destroying ProtocolHandler ["http-nio-8080"]
05-May-2018 20:28:33.677 INFO [Thread-5] org.apache.coyote.AbstractProtocol.destroy Destroying ProtocolHandler ["ajp-nio-8009"]
