28-Jun-2018 16:19:58.422 INFO [main] org.apache.catalina.startup.VersionLoggerListener.log Server version:        Apache Tomcat/8.5.30
28-Jun-2018 16:19:58.427 INFO [main] org.apache.catalina.startup.VersionLoggerListener.log Server built:          Apr 3 2018 20:04:09 UTC
28-Jun-2018 16:19:58.428 INFO [main] org.apache.catalina.startup.VersionLoggerListener.log Server number:         8.5.30.0
28-Jun-2018 16:19:58.430 INFO [main] org.apache.catalina.startup.VersionLoggerListener.log OS Name:               Linux
28-Jun-2018 16:19:58.431 INFO [main] org.apache.catalina.startup.VersionLoggerListener.log OS Version:            4.9.93-boot2docker
28-Jun-2018 16:19:58.432 INFO [main] org.apache.catalina.startup.VersionLoggerListener.log Architecture:          amd64
28-Jun-2018 16:19:58.436 INFO [main] org.apache.catalina.startup.VersionLoggerListener.log Java Home:             /usr/lib/jvm/java-8-openjdk-amd64/jre
28-Jun-2018 16:19:58.437 INFO [main] org.apache.catalina.startup.VersionLoggerListener.log JVM Version:           1.8.0_171-8u171-b11-1~deb9u1-b11
28-Jun-2018 16:19:58.438 INFO [main] org.apache.catalina.startup.VersionLoggerListener.log JVM Vendor:            Oracle Corporation
28-Jun-2018 16:19:58.438 INFO [main] org.apache.catalina.startup.VersionLoggerListener.log CATALINA_BASE:         /usr/local/tomcat
28-Jun-2018 16:19:58.439 INFO [main] org.apache.catalina.startup.VersionLoggerListener.log CATALINA_HOME:         /usr/local/tomcat
28-Jun-2018 16:19:58.440 INFO [main] org.apache.catalina.startup.VersionLoggerListener.log Command line argument: -Djava.util.logging.config.file=/usr/local/tomcat/conf/logging.properties
28-Jun-2018 16:19:58.441 INFO [main] org.apache.catalina.startup.VersionLoggerListener.log Command line argument: -Djava.util.logging.manager=org.apache.juli.ClassLoaderLogManager
28-Jun-2018 16:19:58.442 INFO [main] org.apache.catalina.startup.VersionLoggerListener.log Command line argument: -Djdk.tls.ephemeralDHKeySize=2048
28-Jun-2018 16:19:58.444 INFO [main] org.apache.catalina.startup.VersionLoggerListener.log Command line argument: -Djava.protocol.handler.pkgs=org.apache.catalina.webresources
28-Jun-2018 16:19:58.444 INFO [main] org.apache.catalina.startup.VersionLoggerListener.log Command line argument: -Dorg.apache.catalina.security.SecurityListener.UMASK=0027
28-Jun-2018 16:19:58.445 INFO [main] org.apache.catalina.startup.VersionLoggerListener.log Command line argument: -Dignore.endorsed.dirs=
28-Jun-2018 16:19:58.446 INFO [main] org.apache.catalina.startup.VersionLoggerListener.log Command line argument: -Dcatalina.base=/usr/local/tomcat
28-Jun-2018 16:19:58.447 INFO [main] org.apache.catalina.startup.VersionLoggerListener.log Command line argument: -Dcatalina.home=/usr/local/tomcat
28-Jun-2018 16:19:58.450 INFO [main] org.apache.catalina.startup.VersionLoggerListener.log Command line argument: -Djava.io.tmpdir=/usr/local/tomcat/temp
28-Jun-2018 16:19:58.453 INFO [main] org.apache.catalina.core.AprLifecycleListener.lifecycleEvent Loaded APR based Apache Tomcat Native library [1.2.16] using APR version [1.5.2].
28-Jun-2018 16:19:58.455 INFO [main] org.apache.catalina.core.AprLifecycleListener.lifecycleEvent APR capabilities: IPv6 [true], sendfile [true], accept filters [false], random [true].
28-Jun-2018 16:19:58.456 INFO [main] org.apache.catalina.core.AprLifecycleListener.lifecycleEvent APR/OpenSSL configuration: useAprConnector [false], useOpenSSL [true]
28-Jun-2018 16:19:58.496 INFO [main] org.apache.catalina.core.AprLifecycleListener.initializeSSL OpenSSL successfully initialized [OpenSSL 1.1.0f  25 May 2017]
28-Jun-2018 16:19:58.934 INFO [main] org.apache.coyote.AbstractProtocol.init Initializing ProtocolHandler ["http-nio-8080"]
28-Jun-2018 16:19:59.023 INFO [main] org.apache.tomcat.util.net.NioSelectorPool.getSharedSelector Using a shared selector for servlet write/read
28-Jun-2018 16:19:59.047 INFO [main] org.apache.coyote.AbstractProtocol.init Initializing ProtocolHandler ["ajp-nio-8009"]
28-Jun-2018 16:19:59.051 INFO [main] org.apache.tomcat.util.net.NioSelectorPool.getSharedSelector Using a shared selector for servlet write/read
28-Jun-2018 16:19:59.055 INFO [main] org.apache.catalina.startup.Catalina.load Initialization processed in 4025 ms
28-Jun-2018 16:19:59.178 INFO [main] org.apache.catalina.core.StandardService.startInternal Starting service [Catalina]
28-Jun-2018 16:19:59.179 INFO [main] org.apache.catalina.core.StandardEngine.startInternal Starting Servlet Engine: Apache Tomcat/8.5.30
28-Jun-2018 16:19:59.245 INFO [localhost-startStop-1] org.apache.catalina.startup.HostConfig.deployDescriptor Deploying configuration descriptor [/usr/local/tomcat/conf/Catalina/localhost/manager.xml]
28-Jun-2018 16:19:59.356 WARNING [localhost-startStop-1] org.apache.catalina.startup.HostConfig.deployDescriptor A docBase [/usr/local/tomcat/webapps/manager] inside the host appBase has been specified, and will be ignored
28-Jun-2018 16:20:02.011 INFO [localhost-startStop-1] org.apache.catalina.startup.HostConfig.deployDescriptor Deployment of configuration descriptor [/usr/local/tomcat/conf/Catalina/localhost/manager.xml] has finished in [2,751] ms
28-Jun-2018 16:20:02.181 INFO [localhost-startStop-1] org.apache.catalina.startup.HostConfig.deployWAR Deploying web application archive [/usr/local/tomcat/webapps/portaladvtec.war]
28-Jun-2018 16:20:18.234 INFO [localhost-startStop-1] org.apache.jasper.servlet.TldScanner.scanJars At least one JAR was scanned for TLDs yet contained no TLDs. Enable debug logging for this logger for a complete list of JARs that were scanned but no TLDs were found in them. Skipping unneeded JARs during scanning can improve startup time and JSP compilation time.
28-Jun-2018 16:20:18.458 INFO [localhost-startStop-1] org.jboss.weld.environment.servlet.EnhancedListener.onStartup WELD-ENV-001008: Initialize Weld using ServletContainerInitializer
28-Jun-2018 16:20:18.546 INFO [localhost-startStop-1] org.jboss.weld.bootstrap.WeldStartup.<clinit> WELD-000900: 2.4.1 (Final)
28-Jun-2018 16:20:18.708 INFO [localhost-startStop-1] org.jboss.weld.environment.deployment.discovery.DiscoveryStrategyFactory.create WELD-ENV-000020: Using jandex for bean discovery
28-Jun-2018 16:20:19.333 INFO [localhost-startStop-1] org.jboss.weld.bootstrap.WeldStartup.startContainer WELD-000101: Transactional services not available. Injection of @Inject UserTransaction not available. Transactional observers will be invoked synchronously.
28-Jun-2018 16:20:20.910 INFO [localhost-startStop-1] org.jboss.weld.environment.tomcat.TomcatContainer.initialize WELD-ENV-001100: Tomcat 7+ detected, CDI injection will be available in Servlets, Filters and Listeners.
28-Jun-2018 16:20:22.680 INFO [localhost-startStop-1] org.jboss.weld.environment.servlet.Listener.contextInitialized WELD-ENV-001006: org.jboss.weld.environment.servlet.EnhancedListener used for ServletContext notifications
28-Jun-2018 16:20:22.782 INFO [localhost-startStop-1] com.sun.faces.config.ConfigureListener.contextInitialized Initializing Mojarra 2.3.2 ( 20170627-2139 e63598abf2ed2bb1a24674f308a734e0dce18a72) for context '/portaladvtec'
28-Jun-2018 16:20:23.287 INFO [localhost-startStop-1] com.sun.faces.spi.InjectionProviderFactory.createInstance JSF1048: PostConstruct/PreDestroy annotations present.  ManagedBeans methods marked with these annotations will have said annotations processed.
28-Jun-2018 16:20:24.272 INFO [localhost-startStop-1] org.hibernate.validator.internal.util.Version.<clinit> HV000001: Hibernate Validator 5.3.2.Final
28-Jun-2018 16:20:26.009 INFO [localhost-startStop-1] org.primefaces.webapp.PostConstructApplicationEventListener.processEvent Running on PrimeFaces 6.1
28-Jun-2018 16:20:26.013 INFO [localhost-startStop-1] org.jboss.weld.environment.servlet.EnhancedListener.contextInitialized WELD-ENV-001009: org.jboss.weld.environment.servlet.Listener used for ServletRequest and HttpSession notifications
28-Jun-2018 16:20:26.043 INFO [localhost-startStop-1] org.apache.catalina.startup.HostConfig.deployWAR Deployment of web application archive [/usr/local/tomcat/webapps/portaladvtec.war] has finished in [23,866] ms
28-Jun-2018 16:20:26.184 INFO [localhost-startStop-1] org.apache.catalina.startup.HostConfig.deployWAR Deploying web application archive [/usr/local/tomcat/webapps/portalwartha.war]
28-Jun-2018 16:20:39.906 INFO [localhost-startStop-1] org.apache.jasper.servlet.TldScanner.scanJars At least one JAR was scanned for TLDs yet contained no TLDs. Enable debug logging for this logger for a complete list of JARs that were scanned but no TLDs were found in them. Skipping unneeded JARs during scanning can improve startup time and JSP compilation time.
28-Jun-2018 16:20:40.040 INFO [localhost-startStop-1] org.jboss.weld.environment.servlet.EnhancedListener.onStartup WELD-ENV-001008: Initialize Weld using ServletContainerInitializer
28-Jun-2018 16:20:40.101 INFO [localhost-startStop-1] org.jboss.weld.bootstrap.WeldStartup.<clinit> WELD-000900: 2.4.1 (Final)
28-Jun-2018 16:20:40.161 INFO [localhost-startStop-1] org.jboss.weld.environment.deployment.discovery.DiscoveryStrategyFactory.create WELD-ENV-000020: Using jandex for bean discovery
28-Jun-2018 16:20:41.034 INFO [localhost-startStop-1] org.jboss.weld.bootstrap.WeldStartup.startContainer WELD-000101: Transactional services not available. Injection of @Inject UserTransaction not available. Transactional observers will be invoked synchronously.
28-Jun-2018 16:20:41.591 INFO [localhost-startStop-1] org.jboss.weld.environment.tomcat.TomcatContainer.initialize WELD-ENV-001100: Tomcat 7+ detected, CDI injection will be available in Servlets, Filters and Listeners.
28-Jun-2018 16:20:41.934 SEVERE [localhost-startStop-1] org.apache.catalina.core.ContainerBase.addChildInternal ContainerBase.addChild: start: 
 org.apache.catalina.LifecycleException: Failed to start component [StandardEngine[Catalina].StandardHost[localhost].StandardContext[/portalwartha]]
	at org.apache.catalina.util.LifecycleBase.start(LifecycleBase.java:167)
	at org.apache.catalina.core.ContainerBase.addChildInternal(ContainerBase.java:754)
	at org.apache.catalina.core.ContainerBase.addChild(ContainerBase.java:730)
	at org.apache.catalina.core.StandardHost.addChild(StandardHost.java:734)
	at org.apache.catalina.startup.HostConfig.deployWAR(HostConfig.java:985)
	at org.apache.catalina.startup.HostConfig$DeployWar.run(HostConfig.java:1856)
	at java.util.concurrent.Executors$RunnableAdapter.call(Executors.java:511)
	at java.util.concurrent.FutureTask.run(FutureTask.java:266)
	at java.util.concurrent.ThreadPoolExecutor.runWorker(ThreadPoolExecutor.java:1149)
	at java.util.concurrent.ThreadPoolExecutor$Worker.run(ThreadPoolExecutor.java:624)
	at java.lang.Thread.run(Thread.java:748)
Caused by: org.jboss.weld.exceptions.DefinitionException: Exception List with 1 exceptions:
Exception 0 :
javax.enterprise.event.ObserverException
	at sun.reflect.NativeConstructorAccessorImpl.newInstance0(Native Method)
	at sun.reflect.NativeConstructorAccessorImpl.newInstance(NativeConstructorAccessorImpl.java:62)
	at sun.reflect.DelegatingConstructorAccessorImpl.newInstance(DelegatingConstructorAccessorImpl.java:45)
	at java.lang.reflect.Constructor.newInstance(Constructor.java:423)
	at java.lang.Class.newInstance(Class.java:442)
	at org.jboss.weld.security.NewInstanceAction.run(NewInstanceAction.java:33)
	at java.security.AccessController.doPrivileged(Native Method)
	at org.jboss.weld.injection.Exceptions.rethrowException(Exceptions.java:40)
	at org.jboss.weld.injection.Exceptions.rethrowException(Exceptions.java:78)
	at org.jboss.weld.injection.StaticMethodInjectionPoint.invoke(StaticMethodInjectionPoint.java:96)
	at org.jboss.weld.injection.MethodInvocationStrategy$SpecialParamPlusBeanManagerStrategy.invoke(MethodInvocationStrategy.java:144)
	at org.jboss.weld.event.ObserverMethodImpl.sendEvent(ObserverMethodImpl.java:299)
	at org.jboss.weld.event.ExtensionObserverMethodImpl.sendEvent(ExtensionObserverMethodImpl.java:124)
	at org.jboss.weld.event.ObserverMethodImpl.sendEvent(ObserverMethodImpl.java:277)
	at org.jboss.weld.event.ObserverMethodImpl.notify(ObserverMethodImpl.java:255)
	at org.jboss.weld.event.ObserverNotifier.notifySyncObservers(ObserverNotifier.java:269)
	at org.jboss.weld.event.ObserverNotifier.notify(ObserverNotifier.java:258)
	at org.jboss.weld.event.ObserverNotifier.fireEvent(ObserverNotifier.java:154)
	at org.jboss.weld.event.ObserverNotifier.fireEvent(ObserverNotifier.java:148)
	at org.jboss.weld.bootstrap.events.AbstractContainerEvent.fire(AbstractContainerEvent.java:53)
	at org.jboss.weld.bootstrap.events.AbstractDefinitionContainerEvent.fire(AbstractDefinitionContainerEvent.java:44)
	at org.jboss.weld.bootstrap.events.ProcessManagedBeanImpl.fire(ProcessManagedBeanImpl.java:31)
	at org.jboss.weld.bootstrap.events.ContainerLifecycleEvents.fireProcessBean(ContainerLifecycleEvents.java:227)
	at org.jboss.weld.bootstrap.AbstractBeanDeployer.deploySpecialized(AbstractBeanDeployer.java:109)
	at org.jboss.weld.bootstrap.BeanDeployment.deploySpecialized(BeanDeployment.java:280)
	at org.jboss.weld.bootstrap.WeldStartup.deployBeans(WeldStartup.java:418)
	at org.jboss.weld.bootstrap.WeldBootstrap.deployBeans(WeldBootstrap.java:83)
	at org.jboss.weld.environment.servlet.WeldServletLifecycle.initialize(WeldServletLifecycle.java:238)
	at org.jboss.weld.environment.servlet.EnhancedListener.onStartup(EnhancedListener.java:61)
	at org.apache.catalina.core.StandardContext.startInternal(StandardContext.java:5229)
	at org.apache.catalina.util.LifecycleBase.start(LifecycleBase.java:150)
	at org.apache.catalina.core.ContainerBase.addChildInternal(ContainerBase.java:754)
	at org.apache.catalina.core.ContainerBase.addChild(ContainerBase.java:730)
	at org.apache.catalina.core.StandardHost.addChild(StandardHost.java:734)
	at org.apache.catalina.startup.HostConfig.deployWAR(HostConfig.java:985)
	at org.apache.catalina.startup.HostConfig$DeployWar.run(HostConfig.java:1856)
	at java.util.concurrent.Executors$RunnableAdapter.call(Executors.java:511)
	at java.util.concurrent.FutureTask.run(FutureTask.java:266)
	at java.util.concurrent.ThreadPoolExecutor.runWorker(ThreadPoolExecutor.java:1149)
	at java.util.concurrent.ThreadPoolExecutor$Worker.run(ThreadPoolExecutor.java:624)
	at java.lang.Thread.run(Thread.java:748)
Caused by: java.lang.ExceptionInInitializerError
	at com.sun.faces.cdi.CdiExtension.collect(CdiExtension.java:172)
	at sun.reflect.NativeMethodAccessorImpl.invoke0(Native Method)
	at sun.reflect.NativeMethodAccessorImpl.invoke(NativeMethodAccessorImpl.java:62)
	at sun.reflect.DelegatingMethodAccessorImpl.invoke(DelegatingMethodAccessorImpl.java:43)
	at java.lang.reflect.Method.invoke(Method.java:498)
	at org.jboss.weld.injection.StaticMethodInjectionPoint.invoke(StaticMethodInjectionPoint.java:88)
	... 31 more
Caused by: java.lang.reflect.MalformedParameterizedTypeException
	at sun.reflect.generics.reflectiveObjects.ParameterizedTypeImpl.validateConstructorArguments(ParameterizedTypeImpl.java:58)
	at sun.reflect.generics.reflectiveObjects.ParameterizedTypeImpl.<init>(ParameterizedTypeImpl.java:51)
	at sun.reflect.generics.reflectiveObjects.ParameterizedTypeImpl.make(ParameterizedTypeImpl.java:92)
	at sun.reflect.generics.factory.CoreReflectionFactory.makeParameterizedType(CoreReflectionFactory.java:105)
	at sun.reflect.generics.visitor.Reifier.visitClassTypeSignature(Reifier.java:140)
	at sun.reflect.generics.tree.ClassTypeSignature.accept(ClassTypeSignature.java:49)
	at sun.reflect.generics.visitor.Reifier.reifyTypeArguments(Reifier.java:68)
	at sun.reflect.generics.visitor.Reifier.visitClassTypeSignature(Reifier.java:138)
	at sun.reflect.generics.tree.ClassTypeSignature.accept(ClassTypeSignature.java:49)
	at sun.reflect.generics.repository.ClassRepository.getSuperclass(ClassRepository.java:90)
	at java.lang.Class.getGenericSuperclass(Class.java:777)
	at javax.enterprise.util.TypeLiteral.getTypeParameter(TypeLiteral.java:103)
	at javax.enterprise.util.TypeLiteral.getType(TypeLiteral.java:66)
	at com.sun.faces.cdi.CdiUtils.<clinit>(CdiUtils.java:84)
	... 37 more

	at org.jboss.weld.bootstrap.events.AbstractDefinitionContainerEvent.fire(AbstractDefinitionContainerEvent.java:46)
	at org.jboss.weld.bootstrap.events.ProcessManagedBeanImpl.fire(ProcessManagedBeanImpl.java:31)
	at org.jboss.weld.bootstrap.events.ContainerLifecycleEvents.fireProcessBean(ContainerLifecycleEvents.java:227)
	at org.jboss.weld.bootstrap.AbstractBeanDeployer.deploySpecialized(AbstractBeanDeployer.java:109)
	at org.jboss.weld.bootstrap.BeanDeployment.deploySpecialized(BeanDeployment.java:280)
	at org.jboss.weld.bootstrap.WeldStartup.deployBeans(WeldStartup.java:418)
	at org.jboss.weld.bootstrap.WeldBootstrap.deployBeans(WeldBootstrap.java:83)
	at org.jboss.weld.environment.servlet.WeldServletLifecycle.initialize(WeldServletLifecycle.java:238)
	at org.jboss.weld.environment.servlet.EnhancedListener.onStartup(EnhancedListener.java:61)
	at org.apache.catalina.core.StandardContext.startInternal(StandardContext.java:5229)
	at org.apache.catalina.util.LifecycleBase.start(LifecycleBase.java:150)
	... 10 more

28-Jun-2018 16:20:41.951 SEVERE [localhost-startStop-1] org.apache.catalina.startup.HostConfig.deployWAR Error deploying web application archive [/usr/local/tomcat/webapps/portalwartha.war]
 java.lang.IllegalStateException: ContainerBase.addChild: start: org.apache.catalina.LifecycleException: Failed to start component [StandardEngine[Catalina].StandardHost[localhost].StandardContext[/portalwartha]]
	at org.apache.catalina.core.ContainerBase.addChildInternal(ContainerBase.java:758)
	at org.apache.catalina.core.ContainerBase.addChild(ContainerBase.java:730)
	at org.apache.catalina.core.StandardHost.addChild(StandardHost.java:734)
	at org.apache.catalina.startup.HostConfig.deployWAR(HostConfig.java:985)
	at org.apache.catalina.startup.HostConfig$DeployWar.run(HostConfig.java:1856)
	at java.util.concurrent.Executors$RunnableAdapter.call(Executors.java:511)
	at java.util.concurrent.FutureTask.run(FutureTask.java:266)
	at java.util.concurrent.ThreadPoolExecutor.runWorker(ThreadPoolExecutor.java:1149)
	at java.util.concurrent.ThreadPoolExecutor$Worker.run(ThreadPoolExecutor.java:624)
	at java.lang.Thread.run(Thread.java:748)

28-Jun-2018 16:20:41.952 INFO [localhost-startStop-1] org.apache.catalina.startup.HostConfig.deployWAR Deployment of web application archive [/usr/local/tomcat/webapps/portalwartha.war] has finished in [15,768] ms
28-Jun-2018 16:20:41.984 INFO [localhost-startStop-1] org.apache.catalina.startup.HostConfig.deployWAR Deploying web application archive [/usr/local/tomcat/webapps/portalmbmanjo.war]
28-Jun-2018 16:20:55.451 INFO [localhost-startStop-1] org.apache.jasper.servlet.TldScanner.scanJars At least one JAR was scanned for TLDs yet contained no TLDs. Enable debug logging for this logger for a complete list of JARs that were scanned but no TLDs were found in them. Skipping unneeded JARs during scanning can improve startup time and JSP compilation time.
28-Jun-2018 16:20:55.946 SEVERE [localhost-startStop-1] org.apache.catalina.core.ContainerBase.addChildInternal ContainerBase.addChild: start: 
 org.apache.catalina.LifecycleException: Failed to start component [StandardEngine[Catalina].StandardHost[localhost].StandardContext[/portalmbmanjo]]
	at org.apache.catalina.util.LifecycleBase.start(LifecycleBase.java:167)
	at org.apache.catalina.core.ContainerBase.addChildInternal(ContainerBase.java:754)
	at org.apache.catalina.core.ContainerBase.addChild(ContainerBase.java:730)
	at org.apache.catalina.core.StandardHost.addChild(StandardHost.java:734)
	at org.apache.catalina.startup.HostConfig.deployWAR(HostConfig.java:985)
	at org.apache.catalina.startup.HostConfig$DeployWar.run(HostConfig.java:1856)
	at java.util.concurrent.Executors$RunnableAdapter.call(Executors.java:511)
	at java.util.concurrent.FutureTask.run(FutureTask.java:266)
	at java.util.concurrent.ThreadPoolExecutor.runWorker(ThreadPoolExecutor.java:1149)
	at java.util.concurrent.ThreadPoolExecutor$Worker.run(ThreadPoolExecutor.java:624)
	at java.lang.Thread.run(Thread.java:748)
Caused by: java.lang.NoSuchMethodError: org.springframework.jndi.JndiLocatorDelegate.isDefaultJndiEnvironmentAvailable()Z
	at org.springframework.web.context.support.StandardServletEnvironment.customizePropertySources(StandardServletEnvironment.java:86)
	at org.springframework.core.env.AbstractEnvironment.<init>(AbstractEnvironment.java:125)
	at org.springframework.core.env.StandardEnvironment.<init>(StandardEnvironment.java:54)
	at org.springframework.web.context.support.StandardServletEnvironment.<init>(StandardServletEnvironment.java:44)
	at org.springframework.web.filter.GenericFilterBean.<init>(GenericFilterBean.java:94)
	at org.springframework.web.filter.DelegatingFilterProxy.<init>(DelegatingFilterProxy.java:159)
	at org.springframework.web.filter.DelegatingFilterProxy.<init>(DelegatingFilterProxy.java:136)
	at org.springframework.security.web.context.AbstractSecurityWebApplicationInitializer.insertSpringSecurityFilterChain(AbstractSecurityWebApplicationInitializer.java:145)
	at org.springframework.security.web.context.AbstractSecurityWebApplicationInitializer.onStartup(AbstractSecurityWebApplicationInitializer.java:124)
	at org.springframework.web.SpringServletContainerInitializer.onStartup(SpringServletContainerInitializer.java:169)
	at org.apache.catalina.core.StandardContext.startInternal(StandardContext.java:5229)
	at org.apache.catalina.util.LifecycleBase.start(LifecycleBase.java:150)
	... 10 more

28-Jun-2018 16:20:55.949 SEVERE [localhost-startStop-1] org.apache.catalina.startup.HostConfig.deployWAR Error deploying web application archive [/usr/local/tomcat/webapps/portalmbmanjo.war]
 java.lang.IllegalStateException: ContainerBase.addChild: start: org.apache.catalina.LifecycleException: Failed to start component [StandardEngine[Catalina].StandardHost[localhost].StandardContext[/portalmbmanjo]]
	at org.apache.catalina.core.ContainerBase.addChildInternal(ContainerBase.java:758)
	at org.apache.catalina.core.ContainerBase.addChild(ContainerBase.java:730)
	at org.apache.catalina.core.StandardHost.addChild(StandardHost.java:734)
	at org.apache.catalina.startup.HostConfig.deployWAR(HostConfig.java:985)
	at org.apache.catalina.startup.HostConfig$DeployWar.run(HostConfig.java:1856)
	at java.util.concurrent.Executors$RunnableAdapter.call(Executors.java:511)
	at java.util.concurrent.FutureTask.run(FutureTask.java:266)
	at java.util.concurrent.ThreadPoolExecutor.runWorker(ThreadPoolExecutor.java:1149)
	at java.util.concurrent.ThreadPoolExecutor$Worker.run(ThreadPoolExecutor.java:624)
	at java.lang.Thread.run(Thread.java:748)

28-Jun-2018 16:20:55.951 INFO [localhost-startStop-1] org.apache.catalina.startup.HostConfig.deployWAR Deployment of web application archive [/usr/local/tomcat/webapps/portalmbmanjo.war] has finished in [13,967] ms
28-Jun-2018 16:20:55.966 INFO [localhost-startStop-1] org.apache.catalina.startup.HostConfig.deployDirectory Deploying web application directory [/usr/local/tomcat/webapps/examples]
28-Jun-2018 16:20:56.739 INFO [localhost-startStop-1] org.apache.catalina.startup.HostConfig.deployDirectory Deployment of web application directory [/usr/local/tomcat/webapps/examples] has finished in [772] ms
28-Jun-2018 16:20:56.739 INFO [localhost-startStop-1] org.apache.catalina.startup.HostConfig.deployDirectory Deploying web application directory [/usr/local/tomcat/webapps/docs]
28-Jun-2018 16:20:56.793 INFO [localhost-startStop-1] org.apache.catalina.startup.HostConfig.deployDirectory Deployment of web application directory [/usr/local/tomcat/webapps/docs] has finished in [53] ms
28-Jun-2018 16:20:56.798 INFO [localhost-startStop-1] org.apache.catalina.startup.HostConfig.deployDirectory Deploying web application directory [/usr/local/tomcat/webapps/host-manager]
28-Jun-2018 16:20:56.855 INFO [localhost-startStop-1] org.apache.catalina.startup.HostConfig.deployDirectory Deployment of web application directory [/usr/local/tomcat/webapps/host-manager] has finished in [57] ms
28-Jun-2018 16:20:56.856 INFO [localhost-startStop-1] org.apache.catalina.startup.HostConfig.deployDirectory Deploying web application directory [/usr/local/tomcat/webapps/ROOT]
28-Jun-2018 16:20:57.115 INFO [localhost-startStop-1] org.apache.catalina.startup.HostConfig.deployDirectory Deployment of web application directory [/usr/local/tomcat/webapps/ROOT] has finished in [259] ms
28-Jun-2018 16:20:57.123 INFO [main] org.apache.coyote.AbstractProtocol.start Starting ProtocolHandler ["http-nio-8080"]
28-Jun-2018 16:20:57.154 INFO [main] org.apache.coyote.AbstractProtocol.start Starting ProtocolHandler ["ajp-nio-8009"]
28-Jun-2018 16:20:57.161 INFO [main] org.apache.catalina.startup.Catalina.start Server startup in 58105 ms
28-Jun-2018 16:39:30.474 INFO [Thread-5] org.apache.coyote.AbstractProtocol.pause Pausing ProtocolHandler ["http-nio-8080"]
28-Jun-2018 16:39:30.494 INFO [Thread-5] org.apache.coyote.AbstractProtocol.pause Pausing ProtocolHandler ["ajp-nio-8009"]
28-Jun-2018 16:39:30.496 INFO [Thread-5] org.apache.catalina.core.StandardService.stopInternal Stopping service [Catalina]
28-Jun-2018 16:39:30.775 INFO [Thread-5] org.apache.coyote.AbstractProtocol.stop Stopping ProtocolHandler ["http-nio-8080"]
28-Jun-2018 16:39:30.782 INFO [Thread-5] org.apache.coyote.AbstractProtocol.stop Stopping ProtocolHandler ["ajp-nio-8009"]
28-Jun-2018 16:39:30.788 INFO [Thread-5] org.apache.coyote.AbstractProtocol.destroy Destroying ProtocolHandler ["http-nio-8080"]
28-Jun-2018 16:39:30.792 INFO [Thread-5] org.apache.coyote.AbstractProtocol.destroy Destroying ProtocolHandler ["ajp-nio-8009"]
28-Jun-2018 16:39:30.850 WARNING [Thread-5] org.apache.catalina.loader.WebappClassLoaderBase.clearReferencesThreads The web application [portalwartha] appears to have started a thread named [weld-worker-1] but has failed to stop it. This is very likely to create a memory leak. Stack trace of thread:
 sun.misc.Unsafe.park(Native Method)
 java.util.concurrent.locks.LockSupport.park(LockSupport.java:175)
 java.util.concurrent.locks.AbstractQueuedSynchronizer$ConditionObject.await(AbstractQueuedSynchronizer.java:2039)
 java.util.concurrent.LinkedBlockingQueue.take(LinkedBlockingQueue.java:442)
 java.util.concurrent.ThreadPoolExecutor.getTask(ThreadPoolExecutor.java:1074)
 java.util.concurrent.ThreadPoolExecutor.runWorker(ThreadPoolExecutor.java:1134)
 java.util.concurrent.ThreadPoolExecutor$Worker.run(ThreadPoolExecutor.java:624)
 java.lang.Thread.run(Thread.java:748)
28-Jun-2018 16:39:30.856 WARNING [Thread-5] org.apache.catalina.loader.WebappClassLoaderBase.clearReferencesThreads The web application [portalwartha] appears to have started a thread named [weld-preloader-1] but has failed to stop it. This is very likely to create a memory leak. Stack trace of thread:
 sun.misc.Unsafe.park(Native Method)
 java.util.concurrent.locks.LockSupport.park(LockSupport.java:175)
 java.util.concurrent.locks.AbstractQueuedSynchronizer$ConditionObject.await(AbstractQueuedSynchronizer.java:2039)
 java.util.concurrent.LinkedBlockingQueue.take(LinkedBlockingQueue.java:442)
 java.util.concurrent.ThreadPoolExecutor.getTask(ThreadPoolExecutor.java:1074)
 java.util.concurrent.ThreadPoolExecutor.runWorker(ThreadPoolExecutor.java:1134)
 java.util.concurrent.ThreadPoolExecutor$Worker.run(ThreadPoolExecutor.java:624)
 java.lang.Thread.run(Thread.java:748)
